#
# There is insufficient memory for the Java Runtime Environment to continue.
# Native memory allocation (mmap) failed to map 96468992 bytes for G1 virtual space
# Possible reasons:
#   The system is out of physical RAM or swap space
#   The process is running with CompressedOops enabled, and the Java Heap may be blocking the growth of the native heap
# Possible solutions:
#   Reduce memory load on the system
#   Increase physical memory or swap space
#   Check if swap backing store is full
#   Decrease Java heap size (-Xmx/-Xms)
#   Decrease number of Java threads
#   Decrease Java thread stack sizes (-Xss)
#   Set larger code cache with -XX:ReservedCodeCacheSize=
#   JVM is running with Zero Based Compressed Oops mode in which the Java heap is
#     placed in the first 32GB address space. The Java Heap base address is the
#     maximum limit for the native heap growth. Please use -XX:HeapBaseMinAddress
#     to set the Java Heap base and to place the Java Heap above 32GB virtual address.
# This output file may be truncated or incomplete.
#
#  Out of Memory Error (os_windows.cpp:3532), pid=135580, tid=139704
#
# JRE version: Java(TM) SE Runtime Environment (17.0.2+8) (build 17.0.2+8-LTS-86)
# Java VM: Java HotSpot(TM) 64-Bit Server VM (17.0.2+8-LTS-86, mixed mode, emulated-client, sharing, tiered, compressed oops, compressed class ptrs, g1 gc, windows-amd64)
# No core dump will be written. Minidumps are not enabled by default on client versions of Windows
#

---------------  S U M M A R Y ------------

Command Line: -agentlib:jdwp=transport=dt_socket,address=127.0.0.1:57004,suspend=y,server=n -XX:TieredStopAtLevel=1 -Dspring.output.ansi.enabled=always -Dcom.sun.management.jmxremote -Dspring.jmx.enabled=true -Dspring.liveBeansView.mbeanDomain -Dspring.application.admin.enabled=true -Dmanagement.endpoints.jmx.exposure.include=* -javaagent:C:\Users\fgh\AppData\Local\JetBrains\IntelliJIdea2023.3\captureAgent\debugger-agent.jar=file:/C:/Users/fgh/AppData/Local/Temp/capture.props -Dfile.encoding=UTF-8 com.fgh.www.KnowledgeSharingForumServerApplication

Host: AMD Ryzen 5 5600H with Radeon Graphics         , 12 cores, 15G,  Windows 11 , 64 bit Build 22621 (10.0.22621.4391)
Time: Sat Feb 22 23:23:19 2025  Windows 11 , 64 bit Build 22621 (10.0.22621.4391) elapsed time: 4.883842 seconds (0d 0h 0m 4s)

---------------  T H R E A D  ---------------

Current thread (0x000001d7d034f3f0):  VMThread "VM Thread" [stack: 0x00000064c2900000,0x00000064c2a00000] [id=139704]

Stack: [0x00000064c2900000,0x00000064c2a00000]
Native frames: (J=compiled Java code, j=interpreted, Vv=VM code, C=native code)
V  [jvm.dll+0x670baa]
V  [jvm.dll+0x7cfcb4]
V  [jvm.dll+0x7d145e]
V  [jvm.dll+0x7d1ac3]
V  [jvm.dll+0x242bc5]
V  [jvm.dll+0x66dac9]
V  [jvm.dll+0x662412]
V  [jvm.dll+0x300c0b]
V  [jvm.dll+0x3081a6]
V  [jvm.dll+0x357d0e]
V  [jvm.dll+0x357f3f]
V  [jvm.dll+0x2d7ec8]
V  [jvm.dll+0x2d6194]
V  [jvm.dll+0x2d579c]
V  [jvm.dll+0x3190eb]
V  [jvm.dll+0x7d5f9b]
V  [jvm.dll+0x7d6cd4]
V  [jvm.dll+0x7d71ec]
V  [jvm.dll+0x7d75c4]
V  [jvm.dll+0x7d7690]
V  [jvm.dll+0x77ff7a]
V  [jvm.dll+0x66fa35]
C  [ucrtbase.dll+0x29333]
C  [KERNEL32.DLL+0x1259d]
C  [ntdll.dll+0x5af38]

VM_Operation (0x00000064c56fd2b0): G1CollectForAllocation, mode: safepoint, requested by thread 0x000001d7d4c7d200


---------------  P R O C E S S  ---------------

Threads class SMR info:
_java_thread_list=0x000001d7d4d1da60, length=44, elements={
0x000001d7b9401550, 0x000001d7d0352fe0, 0x000001d7d0353e50, 0x000001d7d0368920,
0x000001d7d03692d0, 0x000001d7d0c080b0, 0x000001d7d0c08970, 0x000001d7d0c0a240,
0x000001d7d0c12c40, 0x000001d7d033e680, 0x000001d7d0dd3870, 0x000001d7d0dd5d90,
0x000001d7d0e319a0, 0x000001d7d0e35730, 0x000001d7d0e38750, 0x000001d7d16e10a0,
0x000001d7d1c39410, 0x000001d7d1fee400, 0x000001d7d22c20b0, 0x000001d7d1f2cdd0,
0x000001d7d28a2520, 0x000001d7d413aff0, 0x000001d7d413b4c0, 0x000001d7d12ae1a0,
0x000001d7d12ace60, 0x000001d7d12ad330, 0x000001d7d12af010, 0x000001d7d12ad800,
0x000001d7d12adcd0, 0x000001d7d4c7b050, 0x000001d7d4c7dba0, 0x000001d7d4c7d6d0,
0x000001d7d4c806f0, 0x000001d7d4c7d200, 0x000001d7d4c7ea10, 0x000001d7d4c79d10,
0x000001d7d4c7bec0, 0x000001d7d4c7e070, 0x000001d7d4c7e540, 0x000001d7d4c7a6b0,
0x000001d7d4c7eee0, 0x000001d7d4c7b9f0, 0x000001d7d4c7ab80, 0x000001d7d4c7c390
}

Java Threads: ( => current thread )
  0x000001d7b9401550 JavaThread "main" [_thread_blocked, id=136868, stack(0x00000064c2300000,0x00000064c2400000)]
  0x000001d7d0352fe0 JavaThread "Reference Handler" daemon [_thread_blocked, id=8920, stack(0x00000064c2a00000,0x00000064c2b00000)]
  0x000001d7d0353e50 JavaThread "Finalizer" daemon [_thread_blocked, id=136432, stack(0x00000064c2b00000,0x00000064c2c00000)]
  0x000001d7d0368920 JavaThread "Signal Dispatcher" daemon [_thread_blocked, id=133556, stack(0x00000064c2c00000,0x00000064c2d00000)]
  0x000001d7d03692d0 JavaThread "Attach Listener" daemon [_thread_blocked, id=135948, stack(0x00000064c2d00000,0x00000064c2e00000)]
  0x000001d7d0c080b0 JavaThread "Service Thread" daemon [_thread_blocked, id=135896, stack(0x00000064c2e00000,0x00000064c2f00000)]
  0x000001d7d0c08970 JavaThread "Monitor Deflation Thread" daemon [_thread_blocked, id=8612, stack(0x00000064c2f00000,0x00000064c3000000)]
  0x000001d7d0c0a240 JavaThread "C1 CompilerThread0" daemon [_thread_blocked, id=139184, stack(0x00000064c3000000,0x00000064c3100000)]
  0x000001d7d0c12c40 JavaThread "Sweeper thread" daemon [_thread_blocked, id=139516, stack(0x00000064c3100000,0x00000064c3200000)]
  0x000001d7d033e680 JavaThread "Common-Cleaner" daemon [_thread_blocked, id=20932, stack(0x00000064c3200000,0x00000064c3300000)]
  0x000001d7d0dd3870 JavaThread "C1 CompilerThread1" daemon [_thread_blocked, id=20768, stack(0x00000064c3300000,0x00000064c3400000)]
  0x000001d7d0dd5d90 JavaThread "C1 CompilerThread2" daemon [_thread_blocked, id=8308, stack(0x00000064c3400000,0x00000064c3500000)]
  0x000001d7d0e319a0 JavaThread "JDWP Transport Listener: dt_socket" daemon [_thread_blocked, id=16268, stack(0x00000064c3500000,0x00000064c3600000)]
  0x000001d7d0e35730 JavaThread "JDWP Event Helper Thread" daemon [_thread_blocked, id=132696, stack(0x00000064c3600000,0x00000064c3700000)]
  0x000001d7d0e38750 JavaThread "JDWP Command Reader" daemon [_thread_in_native, id=134812, stack(0x00000064c3700000,0x00000064c3800000)]
  0x000001d7d16e10a0 JavaThread "Notification Thread" daemon [_thread_blocked, id=84832, stack(0x00000064c3800000,0x00000064c3900000)]
  0x000001d7d1c39410 JavaThread "RMI TCP Accept-0" daemon [_thread_in_native, id=134640, stack(0x00000064c4200000,0x00000064c4300000)]
  0x000001d7d1fee400 JavaThread "C1 CompilerThread3" daemon [_thread_blocked, id=138248, stack(0x00000064c4500000,0x00000064c4600000)]
  0x000001d7d22c20b0 JavaThread "RMI TCP Connection(2)-192.168.170.1" daemon [_thread_in_native, id=8240, stack(0x00000064c4600000,0x00000064c4700000)]
  0x000001d7d1f2cdd0 JavaThread "RMI Scheduler(0)" daemon [_thread_blocked, id=139020, stack(0x00000064c4400000,0x00000064c4500000)]
  0x000001d7d28a2520 JavaThread "RMI TCP Connection(3)-192.168.170.1" daemon [_thread_in_native, id=140164, stack(0x00000064c4900000,0x00000064c4a00000)]
  0x000001d7d413aff0 JavaThread "Catalina-utility-1" [_thread_blocked, id=139352, stack(0x00000064c4a00000,0x00000064c4b00000)]
  0x000001d7d413b4c0 JavaThread "Catalina-utility-2" [_thread_blocked, id=8884, stack(0x00000064c4b00000,0x00000064c4c00000)]
  0x000001d7d12ae1a0 JavaThread "container-0" [_thread_blocked, id=8888, stack(0x00000064c4c00000,0x00000064c4d00000)]
  0x000001d7d12ace60 JavaThread "lettuce-timer-3-1" daemon [_thread_blocked, id=139016, stack(0x00000064c4d00000,0x00000064c4e00000)]
  0x000001d7d12ad330 JavaThread "ClassGraph-worker-133" daemon [_thread_blocked, id=138444, stack(0x00000064c4e00000,0x00000064c4f00000)]
  0x000001d7d12af010 JavaThread "ClassGraph-worker-134" daemon [_thread_blocked, id=140208, stack(0x00000064c4f00000,0x00000064c5000000)]
  0x000001d7d12ad800 JavaThread "ClassGraph-worker-135" daemon [_thread_blocked, id=132192, stack(0x00000064c5000000,0x00000064c5100000)]
  0x000001d7d12adcd0 JavaThread "ClassGraph-worker-136" daemon [_thread_blocked, id=74236, stack(0x00000064c5100000,0x00000064c5200000)]
  0x000001d7d4c7b050 JavaThread "ClassGraph-worker-137" daemon [_thread_blocked, id=129260, stack(0x00000064c5200000,0x00000064c5300000)]
  0x000001d7d4c7dba0 JavaThread "ClassGraph-worker-138" daemon [_thread_blocked, id=137864, stack(0x00000064c5300000,0x00000064c5400000)]
  0x000001d7d4c7d6d0 JavaThread "ClassGraph-worker-139" daemon [_thread_blocked, id=137404, stack(0x00000064c5400000,0x00000064c5500000)]
  0x000001d7d4c806f0 JavaThread "ClassGraph-worker-140" daemon [_thread_blocked, id=134896, stack(0x00000064c5500000,0x00000064c5600000)]
  0x000001d7d4c7d200 JavaThread "ClassGraph-worker-141" daemon [_thread_blocked, id=139168, stack(0x00000064c5600000,0x00000064c5700000)]
  0x000001d7d4c7ea10 JavaThread "ClassGraph-worker-142" daemon [_thread_blocked, id=134448, stack(0x00000064c5700000,0x00000064c5800000)]
  0x000001d7d4c79d10 JavaThread "ClassGraph-worker-143" daemon [_thread_blocked, id=130640, stack(0x00000064c5800000,0x00000064c5900000)]
  0x000001d7d4c7bec0 JavaThread "ClassGraph-worker-144" daemon [_thread_blocked, id=139620, stack(0x00000064c5900000,0x00000064c5a00000)]
  0x000001d7d4c7e070 JavaThread "ClassGraph-worker-145" daemon [_thread_blocked, id=134556, stack(0x00000064c5a00000,0x00000064c5b00000)]
  0x000001d7d4c7e540 JavaThread "ClassGraph-worker-146" daemon [_thread_blocked, id=136840, stack(0x00000064c5b00000,0x00000064c5c00000)]
  0x000001d7d4c7a6b0 JavaThread "ClassGraph-worker-147" daemon [_thread_blocked, id=138792, stack(0x00000064c5c00000,0x00000064c5d00000)]
  0x000001d7d4c7eee0 JavaThread "ClassGraph-worker-148" daemon [_thread_blocked, id=8912, stack(0x00000064c5d00000,0x00000064c5e00000)]
  0x000001d7d4c7b9f0 JavaThread "ClassGraph-worker-149" daemon [_thread_blocked, id=20696, stack(0x00000064c5e00000,0x00000064c5f00000)]
  0x000001d7d4c7ab80 JavaThread "ClassGraph-worker-150" daemon [_thread_blocked, id=20952, stack(0x00000064c5f00000,0x00000064c6000000)]
  0x000001d7d4c7c390 JavaThread "ClassGraph-worker-151" daemon [_thread_blocked, id=123464, stack(0x00000064c6000000,0x00000064c6100000)]

Other Threads:
=>0x000001d7d034f3f0 VMThread "VM Thread" [stack: 0x00000064c2900000,0x00000064c2a00000] [id=139704]
  0x000001d7d17fabc0 WatcherThread [stack: 0x00000064c4300000,0x00000064c4400000] [id=137344]
  0x000001d7b9455870 GCTaskThread "GC Thread#0" [stack: 0x00000064c2400000,0x00000064c2500000] [id=135660]
  0x000001d7d17f3af0 GCTaskThread "GC Thread#1" [stack: 0x00000064c3900000,0x00000064c3a00000] [id=8728]
  0x000001d7d17f3da0 GCTaskThread "GC Thread#2" [stack: 0x00000064c3a00000,0x00000064c3b00000] [id=8616]
  0x000001d7d17d2b30 GCTaskThread "GC Thread#3" [stack: 0x00000064c3b00000,0x00000064c3c00000] [id=8560]
  0x000001d7d17d2de0 GCTaskThread "GC Thread#4" [stack: 0x00000064c3c00000,0x00000064c3d00000] [id=8556]
  0x000001d7d17d3090 GCTaskThread "GC Thread#5" [stack: 0x00000064c3d00000,0x00000064c3e00000] [id=113456]
  0x000001d7d1c2c2d0 GCTaskThread "GC Thread#6" [stack: 0x00000064c3e00000,0x00000064c3f00000] [id=136252]
  0x000001d7d1c2d9a0 GCTaskThread "GC Thread#7" [stack: 0x00000064c3f00000,0x00000064c4000000] [id=140276]
  0x000001d7d1c30070 GCTaskThread "GC Thread#8" [stack: 0x00000064c4000000,0x00000064c4100000] [id=8276]
  0x000001d7d1c38330 GCTaskThread "GC Thread#9" [stack: 0x00000064c4100000,0x00000064c4200000] [id=74224]
  0x000001d7b9466570 ConcurrentGCThread "G1 Main Marker" [stack: 0x00000064c2500000,0x00000064c2600000] [id=140224]
  0x000001d7b9466f80 ConcurrentGCThread "G1 Conc#0" [stack: 0x00000064c2600000,0x00000064c2700000] [id=137636]
  0x000001d7d14d5dd0 ConcurrentGCThread "G1 Conc#1" [stack: 0x00000064c4700000,0x00000064c4800000] [id=137748]
  0x000001d7d14d6080 ConcurrentGCThread "G1 Conc#2" [stack: 0x00000064c4800000,0x00000064c4900000] [id=139532]
  0x000001d7b94ad240 ConcurrentGCThread "G1 Refine#0" [stack: 0x00000064c2700000,0x00000064c2800000] [id=20800]
  0x000001d7d4a14700 ConcurrentGCThread "G1 Refine#1" [stack: 0x00000064c6100000,0x00000064c6200000] [id=139440]
  0x000001d7d4a149e0 ConcurrentGCThread "G1 Refine#2" [stack: 0x00000064c6200000,0x00000064c6300000] [id=139228]
  0x000001d7d4a13e60 ConcurrentGCThread "G1 Refine#3" [stack: 0x00000064c6300000,0x00000064c6400000] [id=111892]
  0x000001d7d4a12d20 ConcurrentGCThread "G1 Refine#4" [stack: 0x00000064c6400000,0x00000064c6500000] [id=131772]
  0x000001d7b94adc60 ConcurrentGCThread "G1 Service" [stack: 0x00000064c2800000,0x00000064c2900000] [id=138464]

Threads with active compile tasks:
C1 CompilerThread3     4916 6701   !   1       nonapi.io.github.classgraph.fastzipfilereader.NestedJarHandler$4::newInstance (1102 bytes)

VM state: at safepoint (normal execution)

VM Mutex/Monitor currently owned by a thread:  ([mutex/lock_event])
[0x000001d7b93f4b50] Threads_lock - owner thread: 0x000001d7d034f3f0
[0x000001d7b93fec40] Heap_lock - owner thread: 0x000001d7d4c7d200

Heap address: 0x0000000702400000, size: 4060 MB, Compressed Oops mode: Zero based, Oop shift amount: 3

CDS archive(s) mapped at: [0x0000000800000000-0x0000000800bc0000-0x0000000800bc0000), size 12320768, SharedBaseAddress: 0x0000000800000000, ArchiveRelocationMode: 0.
Compressed class space mapped at: 0x0000000800c00000-0x0000000840c00000, reserved size: 1073741824
Narrow klass base: 0x0000000800000000, Narrow klass shift: 0, Narrow klass range: 0x100000000

GC Precious Log:
 CPUs: 12 total, 12 available
 Memory: 16236M
 Large Page Support: Disabled
 NUMA Support: Disabled
 Compressed Oops: Enabled (Zero based)
 Heap Region Size: 2M
 Heap Min Capacity: 8M
 Heap Initial Capacity: 254M
 Heap Max Capacity: 4060M
 Pre-touch: Disabled
 Parallel Workers: 10
 Concurrent Workers: 3
 Concurrent Refinement Workers: 10
 Periodic GC: Disabled

Heap:
 garbage-first heap   total 262144K, used 78631K [0x0000000702400000, 0x0000000800000000)
  region size 2048K, 2 young (4096K), 2 survivors (4096K)
 Metaspace       used 50952K, committed 51456K, reserved 1097728K
  class space    used 6853K, committed 7104K, reserved 1048576K

Heap Regions: E=young(eden), S=young(survivor), O=old, HS=humongous(starts), HC=humongous(continues), CS=collection set, F=free, OA=open archive, CA=closed archive, TAMS=top-at-mark-start (previous, next)
|   0|0x0000000702400000, 0x0000000702600000, 0x0000000702600000|100%|HS|  |TAMS 0x0000000702600000, 0x0000000702400000| Complete 
|   1|0x0000000702600000, 0x0000000702800000, 0x0000000702800000|100%|HC|  |TAMS 0x0000000702800000, 0x0000000702600000| Complete 
|   2|0x0000000702800000, 0x0000000702a00000, 0x0000000702a00000|100%| O|  |TAMS 0x0000000702a00000, 0x0000000702800000| Untracked 
|   3|0x0000000702a00000, 0x0000000702c00000, 0x0000000702c00000|100%| O|  |TAMS 0x0000000702c00000, 0x0000000702a00000| Untracked 
|   4|0x0000000702c00000, 0x0000000702e00000, 0x0000000702e00000|100%| O|  |TAMS 0x0000000702e00000, 0x0000000702c00000| Untracked 
|   5|0x0000000702e00000, 0x0000000703000000, 0x0000000703000000|100%| O|  |TAMS 0x0000000703000000, 0x0000000702e00000| Updating 
|   6|0x0000000703000000, 0x000000070311de00, 0x0000000703200000| 55%| O|  |TAMS 0x000000070311de00, 0x0000000703000000| Updating 
|   7|0x0000000703200000, 0x0000000703400000, 0x0000000703400000|100%| O|  |TAMS 0x0000000703400000, 0x0000000703200000| Untracked 
|   8|0x0000000703400000, 0x0000000703600000, 0x0000000703600000|100%| O|  |TAMS 0x0000000703600000, 0x0000000703400000| Untracked 
|   9|0x0000000703600000, 0x0000000703800000, 0x0000000703800000|100%| O|  |TAMS 0x0000000703800000, 0x0000000703600000| Untracked 
|  10|0x0000000703800000, 0x0000000703a00000, 0x0000000703a00000|100%| O|  |TAMS 0x0000000703a00000, 0x0000000703800000| Untracked 
|  11|0x0000000703a00000, 0x0000000703c00000, 0x0000000703c00000|100%| O|  |TAMS 0x0000000703c00000, 0x0000000703a00000| Updating 
|  12|0x0000000703c00000, 0x0000000703e00000, 0x0000000703e00000|100%| O|  |TAMS 0x0000000703e00000, 0x0000000703c00000| Untracked 
|  13|0x0000000703e00000, 0x0000000704000000, 0x0000000704000000|100%| O|  |TAMS 0x0000000704000000, 0x0000000703e00000| Untracked 
|  14|0x0000000704000000, 0x0000000704200000, 0x0000000704200000|100%| O|  |TAMS 0x0000000704200000, 0x0000000704000000| Untracked 
|  15|0x0000000704200000, 0x0000000704400000, 0x0000000704400000|100%| O|  |TAMS 0x0000000704400000, 0x0000000704200000| Untracked 
|  16|0x0000000704400000, 0x0000000704600000, 0x0000000704600000|100%| O|  |TAMS 0x0000000704400000, 0x0000000704400000| Untracked 
|  17|0x0000000704600000, 0x0000000704800000, 0x0000000704800000|100%| O|  |TAMS 0x0000000704600000, 0x0000000704600000| Untracked 
|  18|0x0000000704800000, 0x0000000704a00000, 0x0000000704a00000|100%| O|  |TAMS 0x0000000704a00000, 0x0000000704800000| Untracked 
|  19|0x0000000704a00000, 0x0000000704c00000, 0x0000000704c00000|100%| O|  |TAMS 0x0000000704c00000, 0x0000000704a00000| Untracked 
|  20|0x0000000704c00000, 0x0000000704e00000, 0x0000000704e00000|100%| O|  |TAMS 0x0000000704e00000, 0x0000000704c00000| Updating 
|  21|0x0000000704e00000, 0x0000000705000000, 0x0000000705000000|100%| O|  |TAMS 0x0000000705000000, 0x0000000704e00000| Untracked 
|  22|0x0000000705000000, 0x0000000705200000, 0x0000000705200000|100%| O|  |TAMS 0x0000000705200000, 0x0000000705000000| Untracked 
|  23|0x0000000705200000, 0x0000000705400000, 0x0000000705400000|100%| O|  |TAMS 0x0000000705400000, 0x0000000705200000| Untracked 
|  24|0x0000000705400000, 0x0000000705600000, 0x0000000705600000|100%| O|  |TAMS 0x0000000705600000, 0x0000000705400000| Updating 
|  25|0x0000000705600000, 0x0000000705800000, 0x0000000705800000|100%| O|  |TAMS 0x0000000705600000, 0x0000000705600000| Untracked 
|  26|0x0000000705800000, 0x0000000705a00000, 0x0000000705a00000|100%|HS|  |TAMS 0x0000000705800000, 0x0000000705800000| Complete 
|  27|0x0000000705a00000, 0x0000000705c00000, 0x0000000705c00000|100%|HC|  |TAMS 0x0000000705a00000, 0x0000000705a00000| Complete 
|  28|0x0000000705c00000, 0x0000000705e00000, 0x0000000705e00000|100%| O|  |TAMS 0x0000000705e00000, 0x0000000705c00000| Updating 
|  29|0x0000000705e00000, 0x0000000706000000, 0x0000000706000000|100%| O|  |TAMS 0x0000000705e00000, 0x0000000705e00000| Untracked 
|  30|0x0000000706000000, 0x0000000706200000, 0x0000000706200000|100%| O|  |TAMS 0x0000000706200000, 0x0000000706000000| Updating 
|  31|0x0000000706200000, 0x0000000706400000, 0x0000000706400000|100%| O|  |TAMS 0x0000000706400000, 0x0000000706200000| Updating 
|  32|0x0000000706400000, 0x0000000706600000, 0x0000000706600000|100%| O|  |TAMS 0x00000007064cce00, 0x0000000706400000| Updating 
|  33|0x0000000706600000, 0x0000000706800000, 0x0000000706800000|100%| O|  |TAMS 0x0000000706600000, 0x0000000706600000| Updating 
|  34|0x0000000706800000, 0x0000000706a00000, 0x0000000706a00000|100%| O|  |TAMS 0x0000000706800000, 0x0000000706800000| Untracked 
|  35|0x0000000706a00000, 0x0000000706bac000, 0x0000000706c00000| 83%| O|  |TAMS 0x0000000706a00000, 0x0000000706a00000| Untracked 
|  36|0x0000000706c00000, 0x0000000706c00000, 0x0000000706e00000|  0%| F|  |TAMS 0x0000000706c00000, 0x0000000706c00000| Untracked 
|  37|0x0000000706e00000, 0x0000000706e00000, 0x0000000707000000|  0%| F|  |TAMS 0x0000000706e00000, 0x0000000706e00000| Untracked 
|  38|0x0000000707000000, 0x0000000707000000, 0x0000000707200000|  0%| F|  |TAMS 0x0000000707000000, 0x0000000707000000| Untracked 
|  39|0x0000000707200000, 0x0000000707200000, 0x0000000707400000|  0%| F|  |TAMS 0x0000000707200000, 0x0000000707200000| Untracked 
|  40|0x0000000707400000, 0x0000000707400000, 0x0000000707600000|  0%| F|  |TAMS 0x0000000707400000, 0x0000000707400000| Untracked 
|  41|0x0000000707600000, 0x0000000707600000, 0x0000000707800000|  0%| F|  |TAMS 0x0000000707600000, 0x0000000707600000| Untracked 
|  42|0x0000000707800000, 0x0000000707800000, 0x0000000707a00000|  0%| F|  |TAMS 0x0000000707800000, 0x0000000707800000| Untracked 
|  43|0x0000000707a00000, 0x0000000707a00000, 0x0000000707c00000|  0%| F|  |TAMS 0x0000000707a00000, 0x0000000707a00000| Untracked 
|  44|0x0000000707c00000, 0x0000000707c00000, 0x0000000707e00000|  0%| F|  |TAMS 0x0000000707c00000, 0x0000000707c00000| Untracked 
|  45|0x0000000707e00000, 0x0000000707e00000, 0x0000000708000000|  0%| F|  |TAMS 0x0000000707e00000, 0x0000000707e00000| Untracked 
|  46|0x0000000708000000, 0x0000000708000000, 0x0000000708200000|  0%| F|  |TAMS 0x0000000708000000, 0x0000000708000000| Untracked 
|  47|0x0000000708200000, 0x0000000708200000, 0x0000000708400000|  0%| F|  |TAMS 0x0000000708200000, 0x0000000708200000| Untracked 
|  48|0x0000000708400000, 0x0000000708400000, 0x0000000708600000|  0%| F|  |TAMS 0x0000000708400000, 0x0000000708400000| Untracked 
|  49|0x0000000708600000, 0x0000000708600000, 0x0000000708800000|  0%| F|  |TAMS 0x0000000708600000, 0x0000000708600000| Untracked 
|  50|0x0000000708800000, 0x0000000708800000, 0x0000000708a00000|  0%| F|  |TAMS 0x0000000708800000, 0x0000000708800000| Untracked 
|  51|0x0000000708a00000, 0x0000000708a00000, 0x0000000708c00000|  0%| F|  |TAMS 0x0000000708a00000, 0x0000000708a00000| Untracked 
|  52|0x0000000708c00000, 0x0000000708c00000, 0x0000000708e00000|  0%| F|  |TAMS 0x0000000708c00000, 0x0000000708c00000| Untracked 
|  53|0x0000000708e00000, 0x0000000708e00000, 0x0000000709000000|  0%| F|  |TAMS 0x0000000708e00000, 0x0000000708e00000| Untracked 
|  54|0x0000000709000000, 0x0000000709000000, 0x0000000709200000|  0%| F|  |TAMS 0x0000000709000000, 0x0000000709000000| Untracked 
|  55|0x0000000709200000, 0x0000000709200000, 0x0000000709400000|  0%| F|  |TAMS 0x0000000709200000, 0x0000000709200000| Untracked 
|  56|0x0000000709400000, 0x0000000709400000, 0x0000000709600000|  0%| F|  |TAMS 0x0000000709400000, 0x0000000709400000| Untracked 
|  57|0x0000000709600000, 0x0000000709600000, 0x0000000709800000|  0%| F|  |TAMS 0x0000000709600000, 0x0000000709600000| Untracked 
|  58|0x0000000709800000, 0x0000000709800000, 0x0000000709a00000|  0%| F|  |TAMS 0x0000000709800000, 0x0000000709800000| Untracked 
|  59|0x0000000709a00000, 0x0000000709a00000, 0x0000000709c00000|  0%| F|  |TAMS 0x0000000709a00000, 0x0000000709a00000| Untracked 
|  60|0x0000000709c00000, 0x0000000709c00000, 0x0000000709e00000|  0%| F|  |TAMS 0x0000000709c00000, 0x0000000709c00000| Untracked 
|  61|0x0000000709e00000, 0x0000000709e00000, 0x000000070a000000|  0%| F|  |TAMS 0x0000000709e00000, 0x0000000709e00000| Untracked 
|  62|0x000000070a000000, 0x000000070a000000, 0x000000070a200000|  0%| F|  |TAMS 0x000000070a000000, 0x000000070a000000| Untracked 
|  63|0x000000070a200000, 0x000000070a200000, 0x000000070a400000|  0%| F|  |TAMS 0x000000070a200000, 0x000000070a200000| Untracked 
|  64|0x000000070a400000, 0x000000070a400000, 0x000000070a600000|  0%| F|  |TAMS 0x000000070a400000, 0x000000070a400000| Untracked 
|  65|0x000000070a600000, 0x000000070a600000, 0x000000070a800000|  0%| F|  |TAMS 0x000000070a600000, 0x000000070a600000| Untracked 
|  66|0x000000070a800000, 0x000000070a800000, 0x000000070aa00000|  0%| F|  |TAMS 0x000000070a800000, 0x000000070a800000| Untracked 
|  67|0x000000070aa00000, 0x000000070aa00000, 0x000000070ac00000|  0%| F|  |TAMS 0x000000070aa00000, 0x000000070aa00000| Untracked 
|  68|0x000000070ac00000, 0x000000070ae00000, 0x000000070ae00000|100%| S|CS|TAMS 0x000000070ac00000, 0x000000070ac00000| Complete 
|  69|0x000000070ae00000, 0x000000070b000000, 0x000000070b000000|100%| S|CS|TAMS 0x000000070ae00000, 0x000000070ae00000| Complete 
|  70|0x000000070b000000, 0x000000070b000000, 0x000000070b200000|  0%| F|  |TAMS 0x000000070b000000, 0x000000070b000000| Untracked 
|  71|0x000000070b200000, 0x000000070b200000, 0x000000070b400000|  0%| F|  |TAMS 0x000000070b200000, 0x000000070b200000| Untracked 
|  72|0x000000070b400000, 0x000000070b400000, 0x000000070b600000|  0%| F|  |TAMS 0x000000070b400000, 0x000000070b400000| Untracked 
|  73|0x000000070b600000, 0x000000070b600000, 0x000000070b800000|  0%| F|  |TAMS 0x000000070b600000, 0x000000070b600000| Untracked 
|  74|0x000000070b800000, 0x000000070b800000, 0x000000070ba00000|  0%| F|  |TAMS 0x000000070b800000, 0x000000070b800000| Untracked 
|  75|0x000000070ba00000, 0x000000070ba00000, 0x000000070bc00000|  0%| F|  |TAMS 0x000000070ba00000, 0x000000070ba00000| Untracked 
|  76|0x000000070bc00000, 0x000000070bc00000, 0x000000070be00000|  0%| F|  |TAMS 0x000000070bc00000, 0x000000070bc00000| Untracked 
|  77|0x000000070be00000, 0x000000070be00000, 0x000000070c000000|  0%| F|  |TAMS 0x000000070be00000, 0x000000070be00000| Untracked 
|  78|0x000000070c000000, 0x000000070c000000, 0x000000070c200000|  0%| F|  |TAMS 0x000000070c000000, 0x000000070c000000| Untracked 
|  79|0x000000070c200000, 0x000000070c200000, 0x000000070c400000|  0%| F|  |TAMS 0x000000070c200000, 0x000000070c200000| Untracked 
|  80|0x000000070c400000, 0x000000070c400000, 0x000000070c600000|  0%| F|  |TAMS 0x000000070c400000, 0x000000070c400000| Untracked 
|  81|0x000000070c600000, 0x000000070c600000, 0x000000070c800000|  0%| F|  |TAMS 0x000000070c600000, 0x000000070c600000| Untracked 
|  82|0x000000070c800000, 0x000000070c800000, 0x000000070ca00000|  0%| F|  |TAMS 0x000000070c800000, 0x000000070c800000| Untracked 
|  83|0x000000070ca00000, 0x000000070ca00000, 0x000000070cc00000|  0%| F|  |TAMS 0x000000070ca00000, 0x000000070ca00000| Untracked 
|  84|0x000000070cc00000, 0x000000070cc00000, 0x000000070ce00000|  0%| F|  |TAMS 0x000000070cc00000, 0x000000070cc00000| Untracked 
|  85|0x000000070ce00000, 0x000000070ce00000, 0x000000070d000000|  0%| F|  |TAMS 0x000000070ce00000, 0x000000070ce00000| Untracked 
|  86|0x000000070d000000, 0x000000070d000000, 0x000000070d200000|  0%| F|  |TAMS 0x000000070d000000, 0x000000070d000000| Untracked 
|  87|0x000000070d200000, 0x000000070d200000, 0x000000070d400000|  0%| F|  |TAMS 0x000000070d200000, 0x000000070d200000| Untracked 
|  88|0x000000070d400000, 0x000000070d400000, 0x000000070d600000|  0%| F|  |TAMS 0x000000070d400000, 0x000000070d400000| Untracked 
|  89|0x000000070d600000, 0x000000070d600000, 0x000000070d800000|  0%| F|  |TAMS 0x000000070d600000, 0x000000070d600000| Untracked 
|  90|0x000000070d800000, 0x000000070d800000, 0x000000070da00000|  0%| F|  |TAMS 0x000000070d800000, 0x000000070d800000| Untracked 
|  91|0x000000070da00000, 0x000000070da00000, 0x000000070dc00000|  0%| F|  |TAMS 0x000000070da00000, 0x000000070da00000| Untracked 
|  92|0x000000070dc00000, 0x000000070dc00000, 0x000000070de00000|  0%| F|  |TAMS 0x000000070dc00000, 0x000000070dc00000| Untracked 
|  93|0x000000070de00000, 0x000000070de00000, 0x000000070e000000|  0%| F|  |TAMS 0x000000070de00000, 0x000000070de00000| Untracked 
|  94|0x000000070e000000, 0x000000070e000000, 0x000000070e200000|  0%| F|  |TAMS 0x000000070e000000, 0x000000070e000000| Untracked 
|  95|0x000000070e200000, 0x000000070e200000, 0x000000070e400000|  0%| F|  |TAMS 0x000000070e200000, 0x000000070e200000| Untracked 
|  96|0x000000070e400000, 0x000000070e400000, 0x000000070e600000|  0%| F|  |TAMS 0x000000070e400000, 0x000000070e400000| Untracked 
|  97|0x000000070e600000, 0x000000070e600000, 0x000000070e800000|  0%| F|  |TAMS 0x000000070e600000, 0x000000070e600000| Untracked 
|  98|0x000000070e800000, 0x000000070e800000, 0x000000070ea00000|  0%| F|  |TAMS 0x000000070e800000, 0x000000070e800000| Untracked 
|  99|0x000000070ea00000, 0x000000070ea00000, 0x000000070ec00000|  0%| F|  |TAMS 0x000000070ea00000, 0x000000070ea00000| Untracked 
| 100|0x000000070ec00000, 0x000000070ec00000, 0x000000070ee00000|  0%| F|  |TAMS 0x000000070ec00000, 0x000000070ec00000| Untracked 
| 101|0x000000070ee00000, 0x000000070ee00000, 0x000000070f000000|  0%| F|  |TAMS 0x000000070ee00000, 0x000000070ee00000| Untracked 
| 102|0x000000070f000000, 0x000000070f000000, 0x000000070f200000|  0%| F|  |TAMS 0x000000070f000000, 0x000000070f000000| Untracked 
| 103|0x000000070f200000, 0x000000070f200000, 0x000000070f400000|  0%| F|  |TAMS 0x000000070f200000, 0x000000070f200000| Untracked 
| 104|0x000000070f400000, 0x000000070f400000, 0x000000070f600000|  0%| F|  |TAMS 0x000000070f400000, 0x000000070f400000| Untracked 
| 105|0x000000070f600000, 0x000000070f600000, 0x000000070f800000|  0%| F|  |TAMS 0x000000070f600000, 0x000000070f600000| Untracked 
| 106|0x000000070f800000, 0x000000070f800000, 0x000000070fa00000|  0%| F|  |TAMS 0x000000070f800000, 0x000000070f800000| Untracked 
| 107|0x000000070fa00000, 0x000000070fa00000, 0x000000070fc00000|  0%| F|  |TAMS 0x000000070fa00000, 0x000000070fa00000| Untracked 
| 108|0x000000070fc00000, 0x000000070fc00000, 0x000000070fe00000|  0%| F|  |TAMS 0x000000070fc00000, 0x000000070fc00000| Untracked 
| 109|0x000000070fe00000, 0x000000070fe00000, 0x0000000710000000|  0%| F|  |TAMS 0x000000070fe00000, 0x000000070fe00000| Untracked 
| 110|0x0000000710000000, 0x0000000710000000, 0x0000000710200000|  0%| F|  |TAMS 0x0000000710000000, 0x0000000710000000| Untracked 
| 111|0x0000000710200000, 0x0000000710200000, 0x0000000710400000|  0%| F|  |TAMS 0x0000000710200000, 0x0000000710200000| Untracked 
| 112|0x0000000710400000, 0x0000000710400000, 0x0000000710600000|  0%| F|  |TAMS 0x0000000710400000, 0x0000000710400000| Untracked 
| 113|0x0000000710600000, 0x0000000710600000, 0x0000000710800000|  0%| F|  |TAMS 0x0000000710600000, 0x0000000710600000| Untracked 
| 114|0x0000000710800000, 0x0000000710800000, 0x0000000710a00000|  0%| F|  |TAMS 0x0000000710800000, 0x0000000710800000| Untracked 
| 115|0x0000000710a00000, 0x0000000710a00000, 0x0000000710c00000|  0%| F|  |TAMS 0x0000000710a00000, 0x0000000710a00000| Untracked 
| 116|0x0000000710c00000, 0x0000000710c00000, 0x0000000710e00000|  0%| F|  |TAMS 0x0000000710c00000, 0x0000000710c00000| Untracked 
| 117|0x0000000710e00000, 0x0000000710e00000, 0x0000000711000000|  0%| F|  |TAMS 0x0000000710e00000, 0x0000000710e00000| Untracked 
| 118|0x0000000711000000, 0x0000000711000000, 0x0000000711200000|  0%| F|  |TAMS 0x0000000711000000, 0x0000000711000000| Untracked 
| 119|0x0000000711200000, 0x0000000711200000, 0x0000000711400000|  0%| F|  |TAMS 0x0000000711200000, 0x0000000711200000| Untracked 
| 120|0x0000000711400000, 0x0000000711400000, 0x0000000711600000|  0%| F|  |TAMS 0x0000000711400000, 0x0000000711400000| Untracked 
| 121|0x0000000711600000, 0x0000000711600000, 0x0000000711800000|  0%| F|  |TAMS 0x0000000711600000, 0x0000000711600000| Untracked 
| 122|0x0000000711800000, 0x0000000711800000, 0x0000000711a00000|  0%| F|  |TAMS 0x0000000711800000, 0x0000000711800000| Untracked 
| 123|0x0000000711a00000, 0x0000000711a00000, 0x0000000711c00000|  0%| F|  |TAMS 0x0000000711a00000, 0x0000000711a00000| Untracked 
| 124|0x0000000711c00000, 0x0000000711c00000, 0x0000000711e00000|  0%| F|  |TAMS 0x0000000711c00000, 0x0000000711c00000| Untracked 
| 125|0x0000000711e00000, 0x0000000711e00000, 0x0000000712000000|  0%| F|  |TAMS 0x0000000711e00000, 0x0000000711e00000| Untracked 
| 126|0x0000000712000000, 0x0000000712000000, 0x0000000712200000|  0%| F|  |TAMS 0x0000000712000000, 0x0000000712000000| Untracked 
|2029|0x00000007ffe00000, 0x0000000800000000, 0x0000000800000000|100%| O|  |TAMS 0x0000000800000000, 0x00000007ffe00000| Untracked 

Card table byte_map: [0x000001d7c4750000,0x000001d7c4f40000] _byte_map_base: 0x000001d7c0f3e000

Marking Bits (Prev, Next): (CMBitMap*) 0x000001d7b9455ec0, (CMBitMap*) 0x000001d7b9455e80
 Prev Bits: [0x000001d7c96a0000, 0x000001d7cd610000)
 Next Bits: [0x000001d7c5730000, 0x000001d7c96a0000)

Polling page: 0x000001d7b8bb0000

Metaspace:

Usage:
  Non-class:     43.07 MB used.
      Class:      6.69 MB used.
       Both:     49.76 MB used.

Virtual space:
  Non-class space:       48.00 MB reserved,      43.31 MB ( 90%) committed,  6 nodes.
      Class space:        1.00 GB reserved,       6.94 MB ( <1%) committed,  1 nodes.
             Both:        1.05 GB reserved,      50.25 MB (  5%) committed. 

Chunk freelists:
   Non-Class:  720.00 KB
       Class:  913.00 KB
        Both:  1.59 MB

MaxMetaspaceSize: unlimited
CompressedClassSpaceSize: 1.00 GB
Initial GC threshold: 21.00 MB
Current GC threshold: 83.75 MB
CDS: on
MetaspaceReclaimPolicy: balanced
 - commit_granule_bytes: 65536.
 - commit_granule_words: 8192.
 - virtual_space_node_default_size: 1048576.
 - enlarge_chunks_in_place: 1.
 - new_chunks_are_fully_committed: 0.
 - uncommit_free_chunks: 1.
 - use_allocation_guard: 0.
 - handle_deallocations: 1.


Internal statistics:

num_allocs_failed_limit: 6.
num_arena_births: 746.
num_arena_deaths: 0.
num_vsnodes_births: 7.
num_vsnodes_deaths: 0.
num_space_committed: 804.
num_space_uncommitted: 0.
num_chunks_returned_to_freelist: 6.
num_chunks_taken_from_freelist: 2572.
num_chunk_merges: 6.
num_chunk_splits: 1822.
num_chunks_enlarged: 1367.
num_purges: 0.
num_inconsistent_stats: 0.

CodeCache: size=49152Kb used=14884Kb max_used=14884Kb free=34267Kb
 bounds [0x000001d7c0c30000, 0x000001d7c1ac0000, 0x000001d7c3c30000]
 total_blobs=7302 nmethods=6715 adapters=511
 compilation: enabled
              stopped_count=0, restarted_count=0
 full_count=0

Compilation events (20 events):
Event: 4.876 Thread 0x000001d7d0dd5d90 6711       1       nonapi.io.github.classgraph.fastzipfilereader.NestedJarHandler$1::newInstance (14 bytes)
Event: 4.876 Thread 0x000001d7d0dd3870 nmethod 6706 0x000001d7c1ab4010 code [0x000001d7c1ab41c0, 0x000001d7c1ab45a8]
Event: 4.876 Thread 0x000001d7d0dd5d90 nmethod 6711 0x000001d7c1ab4690 code [0x000001d7c1ab4820, 0x000001d7c1ab4988]
Event: 4.876 Thread 0x000001d7d0dd3870 6714       1       nonapi.io.github.classgraph.fileslice.FileSlice::<init> (10 bytes)
Event: 4.876 Thread 0x000001d7d0dd5d90 6712       1       nonapi.io.github.classgraph.fastzipfilereader.NestedJarHandler$1::newInstance (10 bytes)
Event: 4.877 Thread 0x000001d7d0dd3870 nmethod 6714 0x000001d7c1ab4a90 code [0x000001d7c1ab4c20, 0x000001d7c1ab4d48]
Event: 4.877 Thread 0x000001d7d0dd3870 6715   !   1       java.io.RandomAccessFile::getChannel (84 bytes)
Event: 4.877 Thread 0x000001d7d0dd5d90 nmethod 6712 0x000001d7c1ab4e10 code [0x000001d7c1ab4fa0, 0x000001d7c1ab5168]
Event: 4.877 Thread 0x000001d7d0dd5d90 6716       1       nonapi.io.github.classgraph.fastzipfilereader.NestedJarHandler::markSliceAsOpen (12 bytes)
Event: 4.877 Thread 0x000001d7d0dd5d90 nmethod 6716 0x000001d7c1ab5290 code [0x000001d7c1ab5420, 0x000001d7c1ab5528]
Event: 4.877 Thread 0x000001d7d0dd5d90 6708       1       nonapi.io.github.classgraph.fastzipfilereader.NestedJarHandler$8::<init> (63 bytes)
Event: 4.877 Thread 0x000001d7d0c0a240 nmethod 6702 0x000001d7c1ab5590 code [0x000001d7c1ab5840, 0x000001d7c1ab61a8]
Event: 4.877 Thread 0x000001d7d0c0a240 6709       1       nonapi.io.github.classgraph.recycler.Recycler::acquire (53 bytes)
Event: 4.877 Thread 0x000001d7d0dd3870 nmethod 6715 0x000001d7c1ab6610 code [0x000001d7c1ab67e0, 0x000001d7c1ab6c68]
Event: 4.877 Thread 0x000001d7d0dd3870 6713       1       nonapi.io.github.classgraph.fastzipfilereader.PhysicalZipFile::<init> (47 bytes)
Event: 4.877 Thread 0x000001d7d0dd5d90 nmethod 6708 0x000001d7c1ab6f10 code [0x000001d7c1ab70e0, 0x000001d7c1ab7588]
Event: 4.877 Thread 0x000001d7d0dd5d90 6710   !   1       nonapi.io.github.classgraph.fileslice.Slice$1::close (28 bytes)
Event: 4.877 Thread 0x000001d7d0c0a240 nmethod 6709 0x000001d7c1ab7790 code [0x000001d7c1ab7940, 0x000001d7c1ab7c08]
Event: 4.877 Thread 0x000001d7d0dd3870 nmethod 6713 0x000001d7c1ab7d90 code [0x000001d7c1ab7f60, 0x000001d7c1ab8318]
Event: 4.878 Thread 0x000001d7d0dd5d90 nmethod 6710 0x000001d7c1ab8490 code [0x000001d7c1ab86c0, 0x000001d7c1ab8cc8]

GC Heap History (20 events):
Event: 3.225 GC heap after
{Heap after GC invocations=12 (full 0):
 garbage-first heap   total 98304K, used 29633K [0x0000000702400000, 0x0000000800000000)
  region size 2048K, 2 young (4096K), 2 survivors (4096K)
 Metaspace       used 40474K, committed 40960K, reserved 1089536K
  class space    used 5532K, committed 5760K, reserved 1048576K
}
Event: 3.313 GC heap before
{Heap before GC invocations=12 (full 0):
 garbage-first heap   total 98304K, used 76737K [0x0000000702400000, 0x0000000800000000)
  region size 2048K, 25 young (51200K), 2 survivors (4096K)
 Metaspace       used 40513K, committed 40960K, reserved 1089536K
  class space    used 5536K, committed 5760K, reserved 1048576K
}
Event: 3.314 GC heap after
{Heap after GC invocations=13 (full 0):
 garbage-first heap   total 98304K, used 30334K [0x0000000702400000, 0x0000000800000000)
  region size 2048K, 2 young (4096K), 2 survivors (4096K)
 Metaspace       used 40513K, committed 40960K, reserved 1089536K
  class space    used 5536K, committed 5760K, reserved 1048576K
}
Event: 3.383 GC heap before
{Heap before GC invocations=13 (full 0):
 garbage-first heap   total 98304K, used 77438K [0x0000000702400000, 0x0000000800000000)
  region size 2048K, 25 young (51200K), 2 survivors (4096K)
 Metaspace       used 40538K, committed 41024K, reserved 1089536K
  class space    used 5538K, committed 5760K, reserved 1048576K
}
Event: 3.385 GC heap after
{Heap after GC invocations=14 (full 0):
 garbage-first heap   total 98304K, used 31031K [0x0000000702400000, 0x0000000800000000)
  region size 2048K, 3 young (6144K), 3 survivors (6144K)
 Metaspace       used 40538K, committed 41024K, reserved 1089536K
  class space    used 5538K, committed 5760K, reserved 1048576K
}
Event: 3.798 GC heap before
{Heap before GC invocations=14 (full 0):
 garbage-first heap   total 98304K, used 78135K [0x0000000702400000, 0x0000000800000000)
  region size 2048K, 26 young (53248K), 3 survivors (6144K)
 Metaspace       used 44915K, committed 45376K, reserved 1089536K
  class space    used 6149K, committed 6336K, reserved 1048576K
}
Event: 3.801 GC heap after
{Heap after GC invocations=15 (full 0):
 garbage-first heap   total 118784K, used 33015K [0x0000000702400000, 0x0000000800000000)
  region size 2048K, 3 young (6144K), 3 survivors (6144K)
 Metaspace       used 44915K, committed 45376K, reserved 1089536K
  class space    used 6149K, committed 6336K, reserved 1048576K
}
Event: 4.136 GC heap before
{Heap before GC invocations=15 (full 0):
 garbage-first heap   total 118784K, used 94455K [0x0000000702400000, 0x0000000800000000)
  region size 2048K, 33 young (67584K), 3 survivors (6144K)
 Metaspace       used 46901K, committed 47424K, reserved 1089536K
  class space    used 6320K, committed 6592K, reserved 1048576K
}
Event: 4.139 GC heap after
{Heap after GC invocations=16 (full 0):
 garbage-first heap   total 118784K, used 35731K [0x0000000702400000, 0x0000000800000000)
  region size 2048K, 4 young (8192K), 4 survivors (8192K)
 Metaspace       used 46901K, committed 47424K, reserved 1089536K
  class space    used 6320K, committed 6592K, reserved 1048576K
}
Event: 4.524 GC heap before
{Heap before GC invocations=16 (full 0):
 garbage-first heap   total 118784K, used 95123K [0x0000000702400000, 0x0000000800000000)
  region size 2048K, 33 young (67584K), 4 survivors (8192K)
 Metaspace       used 50023K, committed 50560K, reserved 1097728K
  class space    used 6750K, committed 7040K, reserved 1048576K
}
Event: 4.528 GC heap after
{Heap after GC invocations=17 (full 0):
 garbage-first heap   total 118784K, used 38700K [0x0000000702400000, 0x0000000800000000)
  region size 2048K, 4 young (8192K), 4 survivors (8192K)
 Metaspace       used 50023K, committed 50560K, reserved 1097728K
  class space    used 6750K, committed 7040K, reserved 1048576K
}
Event: 4.681 GC heap before
{Heap before GC invocations=17 (full 0):
 garbage-first heap   total 118784K, used 98092K [0x0000000702400000, 0x0000000800000000)
  region size 2048K, 32 young (65536K), 4 survivors (8192K)
 Metaspace       used 50856K, committed 51392K, reserved 1097728K
  class space    used 6840K, committed 7104K, reserved 1048576K
}
Event: 4.687 GC heap after
{Heap after GC invocations=18 (full 0):
 garbage-first heap   total 120832K, used 53579K [0x0000000702400000, 0x0000000800000000)
  region size 2048K, 4 young (8192K), 4 survivors (8192K)
 Metaspace       used 50856K, committed 51392K, reserved 1097728K
  class space    used 6840K, committed 7104K, reserved 1048576K
}
Event: 4.817 GC heap before
{Heap before GC invocations=18 (full 0):
 garbage-first heap   total 120832K, used 92491K [0x0000000702400000, 0x0000000800000000)
  region size 2048K, 23 young (47104K), 4 survivors (8192K)
 Metaspace       used 50952K, committed 51456K, reserved 1097728K
  class space    used 6853K, committed 7104K, reserved 1048576K
}
Event: 4.823 GC heap after
{Heap after GC invocations=19 (full 0):
 garbage-first heap   total 120832K, used 61355K [0x0000000702400000, 0x0000000800000000)
  region size 2048K, 3 young (6144K), 3 survivors (6144K)
 Metaspace       used 50952K, committed 51456K, reserved 1097728K
  class space    used 6853K, committed 7104K, reserved 1048576K
}
Event: 4.826 GC heap before
{Heap before GC invocations=19 (full 0):
 garbage-first heap   total 120832K, used 61355K [0x0000000702400000, 0x0000000800000000)
  region size 2048K, 4 young (8192K), 3 survivors (6144K)
 Metaspace       used 50952K, committed 51456K, reserved 1097728K
  class space    used 6853K, committed 7104K, reserved 1048576K
}
Event: 4.829 GC heap after
{Heap after GC invocations=20 (full 0):
 garbage-first heap   total 120832K, used 63578K [0x0000000702400000, 0x0000000800000000)
  region size 2048K, 1 young (2048K), 1 survivors (2048K)
 Metaspace       used 50952K, committed 51456K, reserved 1097728K
  class space    used 6853K, committed 7104K, reserved 1048576K
}
Event: 4.856 GC heap before
{Heap before GC invocations=20 (full 0):
 garbage-first heap   total 120832K, used 94298K [0x0000000702400000, 0x0000000800000000)
  region size 2048K, 15 young (30720K), 1 survivors (2048K)
 Metaspace       used 50952K, committed 51456K, reserved 1097728K
  class space    used 6853K, committed 7104K, reserved 1048576K
}
Event: 4.858 GC heap after
{Heap after GC invocations=21 (full 0):
 garbage-first heap   total 120832K, used 73372K [0x0000000702400000, 0x0000000800000000)
  region size 2048K, 2 young (4096K), 2 survivors (4096K)
 Metaspace       used 50952K, committed 51456K, reserved 1097728K
  class space    used 6853K, committed 7104K, reserved 1048576K
}
Event: 4.878 GC heap before
{Heap before GC invocations=21 (full 0):
 garbage-first heap   total 157696K, used 93852K [0x0000000702400000, 0x0000000800000000)
  region size 2048K, 12 young (24576K), 2 survivors (4096K)
 Metaspace       used 50952K, committed 51456K, reserved 1097728K
  class space    used 6853K, committed 7104K, reserved 1048576K
}

Deoptimization events (20 events):
Event: 4.837 Thread 0x000001d7d12af010 DEOPT PACKING pc=0x000001d7c19feccc sp=0x00000064c4ffe650
Event: 4.837 Thread 0x000001d7d12af010 DEOPT UNPACKING pc=0x000001d7c0c82b43 sp=0x00000064c4ffdb98 mode 1
Event: 4.837 Thread 0x000001d7d12af010 DEOPT PACKING pc=0x000001d7c19bec6c sp=0x00000064c4ffe660
Event: 4.837 Thread 0x000001d7d12af010 DEOPT UNPACKING pc=0x000001d7c0c82b43 sp=0x00000064c4ffdb18 mode 1
Event: 4.837 Thread 0x000001d7d12af010 DEOPT PACKING pc=0x000001d7c19b22c4 sp=0x00000064c4ffe4b0
Event: 4.837 Thread 0x000001d7d12af010 DEOPT UNPACKING pc=0x000001d7c0c82b43 sp=0x00000064c4ffd970 mode 1
Event: 4.837 Thread 0x000001d7d12af010 DEOPT PACKING pc=0x000001d7c19ff7cc sp=0x00000064c4ffe560
Event: 4.837 Thread 0x000001d7d12af010 DEOPT UNPACKING pc=0x000001d7c0c82b43 sp=0x00000064c4ffda48 mode 1
Event: 4.837 Thread 0x000001d7d12af010 DEOPT PACKING pc=0x000001d7c19feccc sp=0x00000064c4ffe650
Event: 4.837 Thread 0x000001d7d12af010 DEOPT UNPACKING pc=0x000001d7c0c82b43 sp=0x00000064c4ffdb98 mode 1
Event: 4.837 Thread 0x000001d7d12af010 DEOPT PACKING pc=0x000001d7c19bec6c sp=0x00000064c4ffe660
Event: 4.837 Thread 0x000001d7d12af010 DEOPT UNPACKING pc=0x000001d7c0c82b43 sp=0x00000064c4ffdb18 mode 1
Event: 4.837 Thread 0x000001d7d12af010 DEOPT PACKING pc=0x000001d7c19b22c4 sp=0x00000064c4ffe4b0
Event: 4.837 Thread 0x000001d7d12af010 DEOPT UNPACKING pc=0x000001d7c0c82b43 sp=0x00000064c4ffd970 mode 1
Event: 4.837 Thread 0x000001d7d12af010 DEOPT PACKING pc=0x000001d7c19ff7cc sp=0x00000064c4ffe560
Event: 4.837 Thread 0x000001d7d12af010 DEOPT UNPACKING pc=0x000001d7c0c82b43 sp=0x00000064c4ffda48 mode 1
Event: 4.837 Thread 0x000001d7d12af010 DEOPT PACKING pc=0x000001d7c19feccc sp=0x00000064c4ffe650
Event: 4.837 Thread 0x000001d7d12af010 DEOPT UNPACKING pc=0x000001d7c0c82b43 sp=0x00000064c4ffdb98 mode 1
Event: 4.838 Thread 0x000001d7d12af010 DEOPT PACKING pc=0x000001d7c19bec6c sp=0x00000064c4ffe660
Event: 4.838 Thread 0x000001d7d12af010 DEOPT UNPACKING pc=0x000001d7c0c82b43 sp=0x00000064c4ffdb18 mode 1

Classes unloaded (0 events):
No events

Classes redefined (0 events):
No events

Internal exceptions (20 events):
Event: 4.824 Thread 0x000001d7d12af010 Exception <a 'sun/nio/fs/WindowsException'{0x0000000712043918}> (0x0000000712043918) 
thrown [t:\workspace\open\src\hotspot\share\prims\jni.cpp, line 516]
Event: 4.824 Thread 0x000001d7d12af010 Exception <a 'sun/nio/fs/WindowsException'{0x0000000712043bf8}> (0x0000000712043bf8) 
thrown [t:\workspace\open\src\hotspot\share\prims\jni.cpp, line 516]
Event: 4.824 Thread 0x000001d7d12af010 Exception <a 'sun/nio/fs/WindowsException'{0x0000000712044540}> (0x0000000712044540) 
thrown [t:\workspace\open\src\hotspot\share\prims\jni.cpp, line 516]
Event: 4.825 Thread 0x000001d7d12af010 Exception <a 'sun/nio/fs/WindowsException'{0x0000000712044858}> (0x0000000712044858) 
thrown [t:\workspace\open\src\hotspot\share\prims\jni.cpp, line 516]
Event: 4.825 Thread 0x000001d7d12af010 Exception <a 'sun/nio/fs/WindowsException'{0x0000000712045178}> (0x0000000712045178) 
thrown [t:\workspace\open\src\hotspot\share\prims\jni.cpp, line 516]
Event: 4.825 Thread 0x000001d7d12af010 Exception <a 'sun/nio/fs/WindowsException'{0x0000000712045460}> (0x0000000712045460) 
thrown [t:\workspace\open\src\hotspot\share\prims\jni.cpp, line 516]
Event: 4.825 Thread 0x000001d7d12af010 Exception <a 'sun/nio/fs/WindowsException'{0x0000000712045d58}> (0x0000000712045d58) 
thrown [t:\workspace\open\src\hotspot\share\prims\jni.cpp, line 516]
Event: 4.825 Thread 0x000001d7d12af010 Exception <a 'sun/nio/fs/WindowsException'{0x0000000712046008}> (0x0000000712046008) 
thrown [t:\workspace\open\src\hotspot\share\prims\jni.cpp, line 516]
Event: 4.825 Thread 0x000001d7d12af010 Exception <a 'sun/nio/fs/WindowsException'{0x0000000712046910}> (0x0000000712046910) 
thrown [t:\workspace\open\src\hotspot\share\prims\jni.cpp, line 516]
Event: 4.826 Thread 0x000001d7d12af010 Exception <a 'sun/nio/fs/WindowsException'{0x0000000712046bd8}> (0x0000000712046bd8) 
thrown [t:\workspace\open\src\hotspot\share\prims\jni.cpp, line 516]
Event: 4.826 Thread 0x000001d7d12af010 Exception <a 'sun/nio/fs/WindowsException'{0x00000007120474d0}> (0x00000007120474d0) 
thrown [t:\workspace\open\src\hotspot\share\prims\jni.cpp, line 516]
Event: 4.836 Thread 0x000001d7d12af010 Exception <a 'sun/nio/fs/WindowsException'{0x0000000712145e18}> (0x0000000712145e18) 
thrown [t:\workspace\open\src\hotspot\share\prims\jni.cpp, line 516]
Event: 4.836 Thread 0x000001d7d12af010 Exception <a 'sun/nio/fs/WindowsException'{0x0000000712146720}> (0x0000000712146720) 
thrown [t:\workspace\open\src\hotspot\share\prims\jni.cpp, line 516]
Event: 4.836 Thread 0x000001d7d12af010 Exception <a 'sun/nio/fs/WindowsException'{0x00000007121469e8}> (0x00000007121469e8) 
thrown [t:\workspace\open\src\hotspot\share\prims\jni.cpp, line 516]
Event: 4.837 Thread 0x000001d7d12af010 Exception <a 'sun/nio/fs/WindowsException'{0x0000000712147308}> (0x0000000712147308) 
thrown [t:\workspace\open\src\hotspot\share\prims\jni.cpp, line 516]
Event: 4.837 Thread 0x000001d7d12af010 Exception <a 'sun/nio/fs/WindowsException'{0x00000007121475f0}> (0x00000007121475f0) 
thrown [t:\workspace\open\src\hotspot\share\prims\jni.cpp, line 516]
Event: 4.837 Thread 0x000001d7d12af010 Exception <a 'sun/nio/fs/WindowsException'{0x0000000712147f28}> (0x0000000712147f28) 
thrown [t:\workspace\open\src\hotspot\share\prims\jni.cpp, line 516]
Event: 4.837 Thread 0x000001d7d12af010 Exception <a 'sun/nio/fs/WindowsException'{0x0000000712148228}> (0x0000000712148228) 
thrown [t:\workspace\open\src\hotspot\share\prims\jni.cpp, line 516]
Event: 4.837 Thread 0x000001d7d12af010 Exception <a 'sun/nio/fs/WindowsException'{0x0000000712148b58}> (0x0000000712148b58) 
thrown [t:\workspace\open\src\hotspot\share\prims\jni.cpp, line 516]
Event: 4.838 Thread 0x000001d7d12af010 Exception <a 'sun/nio/fs/WindowsException'{0x0000000712148e50}> (0x0000000712148e50) 
thrown [t:\workspace\open\src\hotspot\share\prims\jni.cpp, line 516]

VM Operations (20 events):
Event: 4.868 Executing VM operation: ICBufferFull done
Event: 4.868 Executing VM operation: ICBufferFull
Event: 4.868 Executing VM operation: ICBufferFull done
Event: 4.870 Executing VM operation: ICBufferFull
Event: 4.870 Executing VM operation: ICBufferFull done
Event: 4.870 Executing VM operation: ICBufferFull
Event: 4.870 Executing VM operation: ICBufferFull done
Event: 4.872 Executing VM operation: ICBufferFull
Event: 4.872 Executing VM operation: ICBufferFull done
Event: 4.873 Executing VM operation: ICBufferFull
Event: 4.873 Executing VM operation: ICBufferFull done
Event: 4.874 Executing VM operation: ICBufferFull
Event: 4.874 Executing VM operation: ICBufferFull done
Event: 4.874 Executing VM operation: G1Concurrent
Event: 4.877 Executing VM operation: G1Concurrent done
Event: 4.877 Executing VM operation: ICBufferFull
Event: 4.878 Executing VM operation: ICBufferFull done
Event: 4.878 Executing VM operation: ICBufferFull
Event: 4.878 Executing VM operation: ICBufferFull done
Event: 4.878 Executing VM operation: G1CollectForAllocation

Events (20 events):
Event: 4.810 Thread 0x000001d7d12af010 Thread exited: 0x000001d7d12af010
Event: 4.815 Thread 0x000001d7d12ad330 Thread added: 0x000001d7d12ad330
Event: 4.815 Thread 0x000001d7d12af010 Thread added: 0x000001d7d12af010
Event: 4.815 Thread 0x000001d7d12ad800 Thread added: 0x000001d7d12ad800
Event: 4.815 Thread 0x000001d7d12adcd0 Thread added: 0x000001d7d12adcd0
Event: 4.816 Thread 0x000001d7d4c7b050 Thread added: 0x000001d7d4c7b050
Event: 4.816 Thread 0x000001d7d4c7dba0 Thread added: 0x000001d7d4c7dba0
Event: 4.816 Thread 0x000001d7d4c7d6d0 Thread added: 0x000001d7d4c7d6d0
Event: 4.816 Thread 0x000001d7d4c806f0 Thread added: 0x000001d7d4c806f0
Event: 4.816 Thread 0x000001d7d4c7d200 Thread added: 0x000001d7d4c7d200
Event: 4.816 Thread 0x000001d7d4c7ea10 Thread added: 0x000001d7d4c7ea10
Event: 4.816 Thread 0x000001d7d4c79d10 Thread added: 0x000001d7d4c79d10
Event: 4.816 Thread 0x000001d7d4c7bec0 Thread added: 0x000001d7d4c7bec0
Event: 4.816 Thread 0x000001d7d4c7e070 Thread added: 0x000001d7d4c7e070
Event: 4.816 Thread 0x000001d7d4c7e540 Thread added: 0x000001d7d4c7e540
Event: 4.817 Thread 0x000001d7d4c7a6b0 Thread added: 0x000001d7d4c7a6b0
Event: 4.817 Thread 0x000001d7d4c7eee0 Thread added: 0x000001d7d4c7eee0
Event: 4.817 Thread 0x000001d7d4c7b9f0 Thread added: 0x000001d7d4c7b9f0
Event: 4.817 Thread 0x000001d7d4c7ab80 Thread added: 0x000001d7d4c7ab80
Event: 4.824 Thread 0x000001d7d4c7c390 Thread added: 0x000001d7d4c7c390


Dynamic libraries:
0x00007ff623980000 - 0x00007ff623990000 	D:\Java\jdk-17.0.2\bin\java.exe
0x00007ffedcc90000 - 0x00007ffedcea7000 	C:\WINDOWS\SYSTEM32\ntdll.dll
0x00007ffedbbb0000 - 0x00007ffedbc74000 	C:\WINDOWS\System32\KERNEL32.DLL
0x00007ffeda210000 - 0x00007ffeda5ca000 	C:\WINDOWS\System32\KERNELBASE.dll
0x00007ffeda0f0000 - 0x00007ffeda201000 	C:\WINDOWS\System32\ucrtbase.dll
0x00007ffeae1f0000 - 0x00007ffeae20a000 	D:\Java\jdk-17.0.2\bin\VCRUNTIME140.dll
0x00007ffeae210000 - 0x00007ffeae228000 	D:\Java\jdk-17.0.2\bin\jli.dll
0x00007ffedc8f0000 - 0x00007ffedc9a2000 	C:\WINDOWS\System32\ADVAPI32.dll
0x00007ffedb510000 - 0x00007ffedb5b7000 	C:\WINDOWS\System32\msvcrt.dll
0x00007ffedcb20000 - 0x00007ffedcbc7000 	C:\WINDOWS\System32\sechost.dll
0x00007ffeda740000 - 0x00007ffeda768000 	C:\WINDOWS\System32\bcrypt.dll
0x00007ffedad20000 - 0x00007ffedae34000 	C:\WINDOWS\System32\RPCRT4.dll
0x00007ffedba00000 - 0x00007ffedbbae000 	C:\WINDOWS\System32\USER32.dll
0x00007ffeda0c0000 - 0x00007ffeda0e6000 	C:\WINDOWS\System32\win32u.dll
0x00007ffedb5c0000 - 0x00007ffedb5e9000 	C:\WINDOWS\System32\GDI32.dll
0x00007ffeca460000 - 0x00007ffeca6f2000 	C:\WINDOWS\WinSxS\amd64_microsoft.windows.common-controls_6595b64144ccf1df_6.0.22621.4541_none_2710d1c57384c085\COMCTL32.dll
0x00007ffeda770000 - 0x00007ffeda88b000 	C:\WINDOWS\System32\gdi32full.dll
0x00007ffeda020000 - 0x00007ffeda0ba000 	C:\WINDOWS\System32\msvcp_win.dll
0x00007ffed2af0000 - 0x00007ffed2afa000 	C:\WINDOWS\SYSTEM32\VERSION.dll
0x00007ffedcae0000 - 0x00007ffedcb11000 	C:\WINDOWS\System32\IMM32.DLL
0x00007ffeae1e0000 - 0x00007ffeae1ec000 	D:\Java\jdk-17.0.2\bin\vcruntime140_1.dll
0x00007ffeae150000 - 0x00007ffeae1dd000 	D:\Java\jdk-17.0.2\bin\msvcp140.dll
0x00007ffeacb50000 - 0x00007ffead711000 	D:\Java\jdk-17.0.2\bin\server\jvm.dll
0x00007ffedcad0000 - 0x00007ffedcad8000 	C:\WINDOWS\System32\PSAPI.DLL
0x00007ffed2f60000 - 0x00007ffed2f94000 	C:\WINDOWS\SYSTEM32\WINMM.dll
0x00007ffeae120000 - 0x00007ffeae129000 	C:\WINDOWS\SYSTEM32\WSOCK32.dll
0x00007ffedcbd0000 - 0x00007ffedcc41000 	C:\WINDOWS\System32\WS2_32.dll
0x00007ffed8fb0000 - 0x00007ffed8fc8000 	C:\WINDOWS\SYSTEM32\kernel.appcore.dll
0x00007ffec8080000 - 0x00007ffec808a000 	D:\Java\jdk-17.0.2\bin\jimage.dll
0x00007ffed78e0000 - 0x00007ffed7b12000 	C:\WINDOWS\SYSTEM32\DBGHELP.DLL
0x00007ffeda990000 - 0x00007ffedad1f000 	C:\WINDOWS\System32\combase.dll
0x00007ffedb8a0000 - 0x00007ffedb977000 	C:\WINDOWS\System32\OLEAUT32.dll
0x00007ffec8020000 - 0x00007ffec8052000 	C:\WINDOWS\SYSTEM32\dbgcore.DLL
0x00007ffeda890000 - 0x00007ffeda90b000 	C:\WINDOWS\System32\bcryptPrimitives.dll
0x00007ffed4d50000 - 0x00007ffed4d8b000 	D:\Java\jdk-17.0.2\bin\jdwp.dll
0x00007ffed4d10000 - 0x00007ffed4d1e000 	D:\Java\jdk-17.0.2\bin\instrument.dll
0x00007ffec7f60000 - 0x00007ffec7f85000 	D:\Java\jdk-17.0.2\bin\java.dll
0x00007ffeaa800000 - 0x00007ffeaa818000 	D:\Java\jdk-17.0.2\bin\zip.dll
0x00007ffeac200000 - 0x00007ffeac2d6000 	D:\Java\jdk-17.0.2\bin\jsvml.dll
0x00007ffedbeb0000 - 0x00007ffedc728000 	C:\WINDOWS\System32\SHELL32.dll
0x00007ffed7e60000 - 0x00007ffed8768000 	C:\WINDOWS\SYSTEM32\windows.storage.dll
0x00007ffed7d20000 - 0x00007ffed7e5f000 	C:\WINDOWS\SYSTEM32\wintypes.dll
0x00007ffedc9d0000 - 0x00007ffedcaca000 	C:\WINDOWS\System32\SHCORE.dll
0x00007ffedbc80000 - 0x00007ffedbcde000 	C:\WINDOWS\System32\shlwapi.dll
0x00007ffed9e90000 - 0x00007ffed9ebb000 	C:\WINDOWS\SYSTEM32\profapi.dll
0x00007ffed4cd0000 - 0x00007ffed4cdc000 	D:\Java\jdk-17.0.2\bin\dt_socket.dll
0x00007ffed8a40000 - 0x00007ffed8a6d000 	C:\WINDOWS\SYSTEM32\IPHLPAPI.DLL
0x00007ffed94c0000 - 0x00007ffed9529000 	C:\WINDOWS\system32\mswsock.dll
0x00007ffebdf60000 - 0x00007ffebdf79000 	D:\Java\jdk-17.0.2\bin\net.dll
0x00007ffed2c40000 - 0x00007ffed2d76000 	C:\WINDOWS\SYSTEM32\WINHTTP.dll
0x00007ffeab560000 - 0x00007ffeab576000 	D:\Java\jdk-17.0.2\bin\nio.dll
0x00007ffed8ab0000 - 0x00007ffed8bb2000 	C:\WINDOWS\SYSTEM32\DNSAPI.dll
0x00007ffedc8e0000 - 0x00007ffedc8e9000 	C:\WINDOWS\System32\NSI.dll
0x00007ffed1370000 - 0x00007ffed137a000 	C:\Windows\System32\rasadhlp.dll
0x00007ffed15d0000 - 0x00007ffed1653000 	C:\WINDOWS\System32\fwpuclnt.dll
0x00007ffea42a0000 - 0x00007ffea42a9000 	D:\Java\jdk-17.0.2\bin\management.dll
0x00007ffea4290000 - 0x00007ffea429b000 	D:\Java\jdk-17.0.2\bin\management_ext.dll
0x00007ffed9810000 - 0x00007ffed982b000 	C:\WINDOWS\SYSTEM32\CRYPTSP.dll
0x00007ffed8fd0000 - 0x00007ffed9005000 	C:\WINDOWS\system32\rsaenh.dll
0x00007ffed9560000 - 0x00007ffed9588000 	C:\WINDOWS\SYSTEM32\USERENV.dll
0x00007ffed97f0000 - 0x00007ffed97fc000 	C:\WINDOWS\SYSTEM32\CRYPTBASE.dll
0x00007ffed2bd0000 - 0x00007ffed2be9000 	C:\WINDOWS\SYSTEM32\dhcpcsvc6.DLL
0x00007ffed2bb0000 - 0x00007ffed2bcf000 	C:\WINDOWS\SYSTEM32\dhcpcsvc.DLL
0x00007ffea6c10000 - 0x00007ffea6c27000 	C:\WINDOWS\system32\napinsp.dll
0x00007ffea6a00000 - 0x00007ffea6a1b000 	C:\WINDOWS\system32\pnrpnsp.dll
0x00007ffea69e0000 - 0x00007ffea69f1000 	C:\WINDOWS\System32\winrnr.dll
0x00007ffea69c0000 - 0x00007ffea69d5000 	C:\WINDOWS\system32\wshbth.dll
0x00007ffea6990000 - 0x00007ffea69b7000 	C:\WINDOWS\system32\nlansp_c.dll
0x00007ffea6910000 - 0x00007ffea6920000 	D:\Java\jdk-17.0.2\bin\verify.dll
0x00007ffea4340000 - 0x00007ffea434e000 	D:\Java\jdk-17.0.2\bin\sunmscapi.dll
0x00007ffeda5d0000 - 0x00007ffeda736000 	C:\WINDOWS\System32\CRYPT32.dll
0x00007ffed9920000 - 0x00007ffed994d000 	C:\WINDOWS\SYSTEM32\ncrypt.dll
0x00007ffed98e0000 - 0x00007ffed9917000 	C:\WINDOWS\SYSTEM32\NTASN1.dll

dbghelp: loaded successfully - version: 4.0.5 - missing functions: none
symbol engine: initialized successfully - sym options: 0x614 - pdb path: .;D:\Java\jdk-17.0.2\bin;C:\WINDOWS\SYSTEM32;C:\WINDOWS\WinSxS\amd64_microsoft.windows.common-controls_6595b64144ccf1df_6.0.22621.4541_none_2710d1c57384c085;D:\Java\jdk-17.0.2\bin\server

VM Arguments:
jvm_args: -agentlib:jdwp=transport=dt_socket,address=127.0.0.1:57004,suspend=y,server=n -XX:TieredStopAtLevel=1 -Dspring.output.ansi.enabled=always -Dcom.sun.management.jmxremote -Dspring.jmx.enabled=true -Dspring.liveBeansView.mbeanDomain -Dspring.application.admin.enabled=true -Dmanagement.endpoints.jmx.exposure.include=* -javaagent:C:\Users\fgh\AppData\Local\JetBrains\IntelliJIdea2023.3\captureAgent\debugger-agent.jar=file:/C:/Users/fgh/AppData/Local/Temp/capture.props -Dfile.encoding=UTF-8 
java_command: com.fgh.www.KnowledgeSharingForumServerApplication
java_class_path (initial): E:\seig_project3\KnowledgeSharingForumServer\target\classes;F:\Java\MavenLocalRepository361\com\alipay\sdk\alipay-sdk-java\4.40.26.ALL\alipay-sdk-java-4.40.26.ALL.jar;F:\Java\MavenLocalRepository361\commons-logging\commons-logging\1.1.1\commons-logging-1.1.1.jar;F:\Java\MavenLocalRepository361\com\alibaba\fastjson\1.2.83_noneautotype\fastjson-1.2.83_noneautotype.jar;F:\Java\MavenLocalRepository361\org\bouncycastle\bcprov-jdk15on\1.62\bcprov-jdk15on-1.62.jar;F:\Java\MavenLocalRepository361\dom4j\dom4j\1.6.1\dom4j-1.6.1.jar;F:\Java\MavenLocalRepository361\xml-apis\xml-apis\1.0.b2\xml-apis-1.0.b2.jar;F:\Java\MavenLocalRepository361\com\squareup\okhttp3\okhttp\4.12.0\okhttp-4.12.0.jar;F:\Java\MavenLocalRepository361\com\squareup\okio\okio\3.6.0\okio-3.6.0.jar;F:\Java\MavenLocalRepository361\com\squareup\okio\okio-jvm\3.6.0\okio-jvm-3.6.0.jar;F:\Java\MavenLocalRepository361\org\jetbrains\kotlin\kotlin-stdlib-common\1.9.25\kotlin-stdlib-common-1.9.25.jar;F:\Java\MavenLocalRepository361\org\jetbrains\kotlin\kotlin-stdlib-jdk8\1.9.25\kotlin-stdlib-jdk8-1.9.25.jar;F:\Java\MavenLocalRepository361\org\jetbrains\kotlin\kotlin-stdlib\1.9.25\kotlin-stdlib-1.9.25.jar;F:\Java\MavenLocalRepository361\org\jetbrains\annotations\13.0\annotations-13.0.jar;F:\Java\MavenLocalRepository361\org\jetbrains\kotlin\kotlin-stdlib-jdk7\1.9.25\kotlin-stdlib-jdk7-1.9.25.jar;F:\Java\MavenLocalRepository361\com\alipay\sdk\alipay-easysdk\2.2.0\alipay-easysdk-2.2.0.jar;F:\Java\MavenLocalRepository361\com\alipay\sdk\easysdk-kernel\1.0.8\easysdk-kernel-1.0.8.jar;F:\Java\MavenLocalRepository361\com\aliyun\tea\1.0.7\tea-1.0.7.jar;F:\Java\MavenLocalRepository361\org\jacoco\org.jacoco.agent\0.8.4\org.jacoco.agent-0.8.4-runtime.jar;F:\Java\MavenLocalRepository361\com\google\guava\guava\28.1-jre\guava-28.1-jre.jar;F:\Java\MavenLocalRepository361\com\google\guava\failureaccess\1.0.1\failureaccess-1.0.1.jar;F:\Java\MavenLocalRepository361\com\google\guava\listenablefuture\9999.0-empt
Launcher Type: SUN_STANDARD

[Global flags]
     intx CICompilerCount                          = 4                                         {product} {ergonomic}
     uint ConcGCThreads                            = 3                                         {product} {ergonomic}
     uint G1ConcRefinementThreads                  = 10                                        {product} {ergonomic}
   size_t G1HeapRegionSize                         = 2097152                                   {product} {ergonomic}
    uintx GCDrainStackTargetSize                   = 64                                        {product} {ergonomic}
   size_t InitialHeapSize                          = 266338304                                 {product} {ergonomic}
     bool ManagementServer                         = true                                      {product} {command line}
   size_t MarkStackSize                            = 4194304                                   {product} {ergonomic}
   size_t MaxHeapSize                              = 4257218560                                {product} {ergonomic}
   size_t MaxNewSize                               = 2554331136                                {product} {ergonomic}
   size_t MinHeapDeltaBytes                        = 2097152                                   {product} {ergonomic}
   size_t MinHeapSize                              = 8388608                                   {product} {ergonomic}
    uintx NonProfiledCodeHeapSize                  = 0                                      {pd product} {ergonomic}
     bool ProfileInterpreter                       = false                                  {pd product} {command line}
    uintx ProfiledCodeHeapSize                     = 0                                      {pd product} {ergonomic}
   size_t SoftMaxHeapSize                          = 4257218560                             {manageable} {ergonomic}
     intx TieredStopAtLevel                        = 1                                         {product} {command line}
     bool UseCompressedClassPointers               = true                           {product lp64_product} {ergonomic}
     bool UseCompressedOops                        = true                           {product lp64_product} {ergonomic}
     bool UseG1GC                                  = true                                      {product} {ergonomic}
     bool UseLargePagesIndividualAllocation        = false                                  {pd product} {ergonomic}

Logging:
Log output configuration:
 #0: stdout all=warning uptime,level,tags
 #1: stderr all=off uptime,level,tags

Environment Variables:
JAVA_HOME=D:\Java\jdk-17.0.2
CLASSPATH=.;D:\Java\jdk-17.0.2\lib;D:\Java\jdk-17.0.2\lib\tools.jar
PATH=D:\SoftwareTool\OtherTool\ZenTaoPMS\ZenTao\zbox\nssm\win64;D:\Java\jdk-17.0.2\bin;C:\Program Files\Common Files\Oracle\Java\javapath;C:\Program Files\NVIDIA GPU Computing Toolkit\CUDA\v11.6\bin;C:\Program Files\NVIDIA GPU Computing Toolkit\CUDA\v11.6\libnvvp;D:\SoftwareTool\DevelopmentTool\VMware Workstation\bin\;C:\ProgramData\Oracle\Java\javapath;C:\Windows\system32;C:\Windows;C:\Windows\System32\Wbem;C:\Windows\System32\WindowsPowerShell\v1.0\;C:\Windows\System32\OpenSSH\;C:\Program Files (x86)\NVIDIA Corporation\PhysX\Common;C:\Program Files\NVIDIA Corporation\NVIDIA NvDLISR;D:\SoftwareTool\OtherTool\Bandizip\;D:\Go\bin;C:\WINDOWS\system32;C:\WINDOWS;C:\WINDOWS\System32\Wbem;C:\WINDOWS\System32\WindowsPowerShell\v1.0\;C:\WINDOWS\System32\OpenSSH\;D:\SoftwareTool\DevelopmentTool\Xshell 7\;D:\SoftwareTool\DevelopmentTool\Xftp 7\;C:\Program Files\NVIDIA Corporation\Nsight Compute 2022.1.1\;C:\Program Files\dotnet\;D:\SoftwareTool\DevelopmentTool\Xmanager 7\;D:\SoftwareTool\DevelopmentTool\Git\cmd;D:\nodejs\;D:\nodejs\node_global\node_modules;D:\nodejs\node_global;C:\Users\fgh\AppData\Local\Programs\Python\Launcher\;C:\Users\fgh\AppData\Local\Microsoft\WindowsApps;D:\SoftwareTool\DevelopmentTool\Microsoft VS Code\bin;D:\SoftwareTool\DevelopmentTool\WebStorm 2019.3.1\bin;C:\Users\fgh\go\bin;D:\GoPackage;D:\SoftwareTool\DevelopmentTool\PyCharm 2022.2.5\bin;C:\Users\fgh\.dotnet\tools;D:\SoftwareTool\OtherTool\Fiddler;D:\SoftwareTool\DevelopmentTool\IntelliJ IDEA 2023.3.4\bin;;D:\SoftwareTool\DevelopmentTool\CLion 2019.3.6\bin;;C:\Users\fgh\AppData\Roaming\npm
USERNAME=fgh
OS=Windows_NT
PROCESSOR_IDENTIFIER=AMD64 Family 25 Model 80 Stepping 0, AuthenticAMD



---------------  S Y S T E M  ---------------

OS:
 Windows 11 , 64 bit Build 22621 (10.0.22621.4391)
OS uptime: 7 days 1:59 hours
Hyper-V role detected

CPU: total 12 (initial active 12) (12 cores per cpu, 2 threads per core) family 25 model 80 stepping 0 microcode 0x0, cx8, cmov, fxsr, ht, mmx, 3dnowpref, sse, sse2, sse3, ssse3, sse4a, sse4.1, sse4.2, popcnt, lzcnt, tsc, tscinvbit, avx, avx2, aes, erms, clmul, bmi1, bmi2, adx, sha, fma, vzeroupper, clflush, clflushopt, hv

Memory: 4k page, system-wide physical 16236M (384M free)
TotalPageFile size 41836M (AvailPageFile size 92M)
current process WorkingSet (physical memory assigned to process): 271M, peak: 271M
current process commit charge ("private bytes"): 456M, peak: 548M

vm_info: Java HotSpot(TM) 64-Bit Server VM (17.0.2+8-LTS-86) for windows-amd64 JRE (17.0.2+8-LTS-86), built on Dec  7 2021 21:51:03 by "mach5one" with MS VC++ 16.8 / 16.9 (VS2019)

END.
